[01m[K/home/khanh/Documents/ros2_basic/ros2_ws/src/my_cpp_pkg/src/my_first_node.cpp:2:10:[m[K [01;31m[Kfatal error: [m[Krandomquotes.h: No such file or directory
    2 | #include [01;31m[K"randomquotes.h"[m[K
      |          [01;31m[K^~~~~~~~~~~~~~~~[m[K
compilation terminated.
gmake[2]: *** [CMakeFiles/cpp_node_exec.dir/build.make:76: CMakeFiles/cpp_node_exec.dir/src/my_first_node.cpp.o] Error 1
gmake[1]: *** [CMakeFiles/Makefile2:137: CMakeFiles/cpp_node_exec.dir/all] Error 2
gmake: *** [Makefile:146: all] Error 2
