[0.013s] Invoking command in '/home/khanh/Documents/ros2_basic/ros2_ws/build/my_cpp_pkg': CMAKE_PREFIX_PATH=${CMAKE_PREFIX_PATH}:/home/khanh/Documents/ros2_basic/ros2_ws/install/my_py_pkg:/opt/ros/humble /usr/bin/cmake --build /home/khanh/Documents/ros2_basic/ros2_ws/build/my_cpp_pkg -- -j12 -l12
[0.059s] [35m[1mConsolidate compiler generated dependencies of target cpp_node_exec[0m
[0.073s] [ 50%] [32mBuilding CXX object CMakeFiles/cpp_node_exec.dir/src/my_first_node.cpp.o[0m
[0.254s] [01m[K/home/khanh/Documents/ros2_basic/ros2_ws/src/my_cpp_pkg/src/my_first_node.cpp:2:10:[m[K [01;31m[Kfatal error: [m[Krandomquotes.h: No such file or directory
[0.254s]     2 | #include [01;31m[K"randomquotes.h"[m[K
[0.254s]       |          [01;31m[K^~~~~~~~~~~~~~~~[m[K
[0.255s] compilation terminated.
[0.255s] gmake[2]: *** [CMakeFiles/cpp_node_exec.dir/build.make:76: CMakeFiles/cpp_node_exec.dir/src/my_first_node.cpp.o] Error 1
[0.256s] gmake[1]: *** [CMakeFiles/Makefile2:137: CMakeFiles/cpp_node_exec.dir/all] Error 2
[0.256s] gmake: *** [Makefile:146: all] Error 2
[0.258s] Invoked command in '/home/khanh/Documents/ros2_basic/ros2_ws/build/my_cpp_pkg' returned '2': CMAKE_PREFIX_PATH=${CMAKE_PREFIX_PATH}:/home/khanh/Documents/ros2_basic/ros2_ws/install/my_py_pkg:/opt/ros/humble /usr/bin/cmake --build /home/khanh/Documents/ros2_basic/ros2_ws/build/my_cpp_pkg -- -j12 -l12
