-- Found ament_cmake: 1.3.3 (/opt/ros/humble/share/ament_cmake/cmake)
-- Override CMake install command with custom implementation using symlinks instead of copying resources
-- Found rclcpp: 16.0.3 (/opt/ros/humble/share/rclcpp/cmake)
-- Found rosidl_generator_c: 3.1.4 (/opt/ros/humble/share/rosidl_generator_c/cmake)
-- Found rosidl_adapter: 3.1.4 (/opt/ros/humble/share/rosidl_adapter/cmake)
-- Found rosidl_generator_cpp: 3.1.4 (/opt/ros/humble/share/rosidl_generator_cpp/cmake)
-- Using all available rosidl_typesupport_c: rosidl_typesupport_fastrtps_c;rosidl_typesupport_introspection_c
-- Using all available rosidl_typesupport_cpp: rosidl_typesupport_fastrtps_cpp;rosidl_typesupport_introspection_cpp
-- Found rmw_implementation_cmake: 6.1.1 (/opt/ros/humble/share/rmw_implementation_cmake/cmake)
-- Found rmw_fastrtps_cpp: 6.2.2 (/opt/ros/humble/share/rmw_fastrtps_cpp/cmake)
-- Using RMW implementation 'rmw_fastrtps_cpp' as default
-- Found ament_lint_auto: 0.12.5 (/opt/ros/humble/share/ament_lint_auto/cmake)
-- Added test 'cppcheck' to perform static code analysis on C / C++ code
-- Configured cppcheck include dirs: 
-- Configured cppcheck exclude dirs and/or files: 
-- Added test 'lint_cmake' to check CMake code style
-- Added test 'uncrustify' to check C / C++ code style
-- Configured uncrustify additional arguments: 
-- Added test 'xmllint' to check XML markup files
-- Configuring done
-- Generating done
-- Build files have been written to: /home/khanh/Documents/ros2_basic/ros2_ws/build/my_cpp_pkg
[35m[1mConsolidate compiler generated dependencies of target cpp_node_exec[0m
[ 33%] [32mBuilding CXX object CMakeFiles/cpp_node_exec.dir/src/randomquotes.cpp.o[0m
[ 66%] [32m[1mLinking CXX executable cpp_node_exec[0m
/usr/bin/ld: CMakeFiles/cpp_node_exec.dir/src/randomquotes.cpp.o: in function `getRandomQuote()':
randomquotes.cpp:(.text+0x6b): undefined reference to `curl_easy_init'
/usr/bin/ld: randomquotes.cpp:(.text+0x9f): undefined reference to `curl_easy_setopt'
/usr/bin/ld: randomquotes.cpp:(.text+0xc8): undefined reference to `curl_easy_setopt'
/usr/bin/ld: randomquotes.cpp:(.text+0xe2): undefined reference to `curl_easy_setopt'
/usr/bin/ld: randomquotes.cpp:(.text+0xee): undefined reference to `curl_easy_perform'
/usr/bin/ld: randomquotes.cpp:(.text+0x137): undefined reference to `curl_easy_strerror'
/usr/bin/ld: randomquotes.cpp:(.text+0x160): undefined reference to `curl_easy_cleanup'
collect2: error: ld returned 1 exit status
gmake[2]: *** [CMakeFiles/cpp_node_exec.dir/build.make:167: cpp_node_exec] Error 1
gmake[1]: *** [CMakeFiles/Makefile2:137: CMakeFiles/cpp_node_exec.dir/all] Error 2
gmake: *** [Makefile:146: all] Error 2
