[0.013s] Invoking command in '/home/khanh/Documents/ros2_basic/ros2_ws/build/my_cpp_pkg': CMAKE_PREFIX_PATH=${CMAKE_PREFIX_PATH}:/home/khanh/Documents/ros2_basic/ros2_ws/install/my_py_pkg:/opt/ros/humble /usr/bin/cmake --build /home/khanh/Documents/ros2_basic/ros2_ws/build/my_cpp_pkg -- -j12 -l12
[0.033s] -- Found ament_cmake: 1.3.3 (/opt/ros/humble/share/ament_cmake/cmake)
[0.199s] -- Override CMake install command with custom implementation using symlinks instead of copying resources
[0.214s] -- Found rclcpp: 16.0.3 (/opt/ros/humble/share/rclcpp/cmake)
[0.278s] -- Found rosidl_generator_c: 3.1.4 (/opt/ros/humble/share/rosidl_generator_c/cmake)
[0.280s] -- Found rosidl_adapter: 3.1.4 (/opt/ros/humble/share/rosidl_adapter/cmake)
[0.285s] -- Found rosidl_generator_cpp: 3.1.4 (/opt/ros/humble/share/rosidl_generator_cpp/cmake)
[0.294s] -- Using all available rosidl_typesupport_c: rosidl_typesupport_fastrtps_c;rosidl_typesupport_introspection_c
[0.307s] -- Using all available rosidl_typesupport_cpp: rosidl_typesupport_fastrtps_cpp;rosidl_typesupport_introspection_cpp
[0.356s] -- Found rmw_implementation_cmake: 6.1.1 (/opt/ros/humble/share/rmw_implementation_cmake/cmake)
[0.357s] -- Found rmw_fastrtps_cpp: 6.2.2 (/opt/ros/humble/share/rmw_fastrtps_cpp/cmake)
[0.460s] -- Using RMW implementation 'rmw_fastrtps_cpp' as default
[0.610s] -- Found ament_lint_auto: 0.12.5 (/opt/ros/humble/share/ament_lint_auto/cmake)
[0.701s] -- Added test 'cppcheck' to perform static code analysis on C / C++ code
[0.701s] -- Configured cppcheck include dirs: 
[0.701s] -- Configured cppcheck exclude dirs and/or files: 
[0.702s] -- Added test 'lint_cmake' to check CMake code style
[0.702s] -- Added test 'uncrustify' to check C / C++ code style
[0.703s] -- Configured uncrustify additional arguments: 
[0.703s] -- Added test 'xmllint' to check XML markup files
[0.704s] -- Configuring done
[0.716s] -- Generating done
[0.717s] -- Build files have been written to: /home/khanh/Documents/ros2_basic/ros2_ws/build/my_cpp_pkg
[0.746s] [35m[1mConsolidate compiler generated dependencies of target cpp_node_exec[0m
[0.763s] [ 33%] [32mBuilding CXX object CMakeFiles/cpp_node_exec.dir/src/randomquotes.cpp.o[0m
[0.999s] [ 66%] [32m[1mLinking CXX executable cpp_node_exec[0m
[1.133s] /usr/bin/ld: CMakeFiles/cpp_node_exec.dir/src/randomquotes.cpp.o: in function `getRandomQuote()':
[1.133s] randomquotes.cpp:(.text+0x6b): undefined reference to `curl_easy_init'
[1.133s] /usr/bin/ld: randomquotes.cpp:(.text+0x9f): undefined reference to `curl_easy_setopt'
[1.133s] /usr/bin/ld: randomquotes.cpp:(.text+0xc8): undefined reference to `curl_easy_setopt'
[1.133s] /usr/bin/ld: randomquotes.cpp:(.text+0xe2): undefined reference to `curl_easy_setopt'
[1.133s] /usr/bin/ld: randomquotes.cpp:(.text+0xee): undefined reference to `curl_easy_perform'
[1.134s] /usr/bin/ld: randomquotes.cpp:(.text+0x137): undefined reference to `curl_easy_strerror'
[1.134s] /usr/bin/ld: randomquotes.cpp:(.text+0x160): undefined reference to `curl_easy_cleanup'
[1.139s] collect2: error: ld returned 1 exit status
[1.141s] gmake[2]: *** [CMakeFiles/cpp_node_exec.dir/build.make:167: cpp_node_exec] Error 1
[1.142s] gmake[1]: *** [CMakeFiles/Makefile2:137: CMakeFiles/cpp_node_exec.dir/all] Error 2
[1.142s] gmake: *** [Makefile:146: all] Error 2
[1.146s] Invoked command in '/home/khanh/Documents/ros2_basic/ros2_ws/build/my_cpp_pkg' returned '2': CMAKE_PREFIX_PATH=${CMAKE_PREFIX_PATH}:/home/khanh/Documents/ros2_basic/ros2_ws/install/my_py_pkg:/opt/ros/humble /usr/bin/cmake --build /home/khanh/Documents/ros2_basic/ros2_ws/build/my_cpp_pkg -- -j12 -l12
