[35m[1mConsolidate compiler generated dependencies of target cpp_node_exec[0m
[ 50%] [32mBuilding CXX object CMakeFiles/cpp_node_exec.dir/src/my_first_node.cpp.o[0m
[01m[K/home/khanh/Documents/ros2_basic/ros2_ws/src/my_cpp_pkg/src/my_first_node.cpp:[m[K In constructor â€˜[01m[KMyNode::MyNode()[m[Kâ€™:
[01m[K/home/khanh/Documents/ros2_basic/ros2_ws/src/my_cpp_pkg/src/my_first_node.cpp:12:67:[m[K [01;31m[Kerror: [m[Kclass template argument deduction failed:
   12 |         timer_ = this->create_wall_timer(std::chrono::duration(2.0[01;31m[K)[m[K,
      |                                                                   [01;31m[K^[m[K
[01m[K/home/khanh/Documents/ros2_basic/ros2_ws/src/my_cpp_pkg/src/my_first_node.cpp:12:67:[m[K [01;31m[Kerror: [m[Kno matching function for call to â€˜[01m[Kduration(double)[m[Kâ€™
In file included from [01m[K/usr/include/c++/11/mutex:39[m[K,
                 from [01m[K/usr/include/c++/11/future:38[m[K,
                 from [01m[K/opt/ros/humble/include/rclcpp/rclcpp/executors.hpp:18[m[K,
                 from [01m[K/opt/ros/humble/include/rclcpp/rclcpp/rclcpp.hpp:155[m[K,
                 from [01m[K/home/khanh/Documents/ros2_basic/ros2_ws/src/my_cpp_pkg/src/my_first_node.cpp:1[m[K:
[01m[K/usr/include/c++/11/chrono:529:21:[m[K [01;36m[Knote: [m[Kcandidate: â€˜[01m[Ktemplate<class _Rep, class _Period, class _Rep2, class _Period2, class> duration(const std::chrono::duration<_Rep2, _Period2>&)-> std::chrono::duration<_Rep, _Period>[m[Kâ€™
  529 |           constexpr [01;36m[Kduration[m[K(const duration<_Rep2, _Period2>& __d)
      |                     [01;36m[K^~~~~~~~[m[K
[01m[K/usr/include/c++/11/chrono:529:21:[m[K [01;36m[Knote: [m[K  template argument deduction/substitution failed:
[01m[K/home/khanh/Documents/ros2_basic/ros2_ws/src/my_cpp_pkg/src/my_first_node.cpp:12:67:[m[K [01;36m[Knote: [m[K  mismatched types â€˜[01m[Kconst std::chrono::duration<_Rep2, _Period2>[m[Kâ€™ and â€˜[01m[Kdouble[m[Kâ€™
   12 |         timer_ = this->create_wall_timer(std::chrono::duration(2.0[01;36m[K)[m[K,
      |                                                                   [01;36m[K^[m[K
In file included from [01m[K/usr/include/c++/11/mutex:39[m[K,
                 from [01m[K/usr/include/c++/11/future:38[m[K,
                 from [01m[K/opt/ros/humble/include/rclcpp/rclcpp/executors.hpp:18[m[K,
                 from [01m[K/opt/ros/humble/include/rclcpp/rclcpp/rclcpp.hpp:155[m[K,
                 from [01m[K/home/khanh/Documents/ros2_basic/ros2_ws/src/my_cpp_pkg/src/my_first_node.cpp:1[m[K:
[01m[K/usr/include/c++/11/chrono:521:30:[m[K [01;36m[Knote: [m[Kcandidate: â€˜[01m[Ktemplate<class _Rep, class _Period, class _Rep2, class> duration(const _Rep2&)-> std::chrono::duration<_Rep, _Period>[m[Kâ€™
  521 |           constexpr explicit [01;36m[Kduration[m[K(const _Rep2& __rep)
      |                              [01;36m[K^~~~~~~~[m[K
[01m[K/usr/include/c++/11/chrono:521:30:[m[K [01;36m[Knote: [m[K  template argument deduction/substitution failed:
[01m[K/home/khanh/Documents/ros2_basic/ros2_ws/src/my_cpp_pkg/src/my_first_node.cpp:12:67:[m[K [01;36m[Knote: [m[K  couldnâ€™t deduce template parameter â€˜[01m[K_Rep[m[Kâ€™
   12 |         timer_ = this->create_wall_timer(std::chrono::duration(2.0[01;36m[K)[m[K,
      |                                                                   [01;36m[K^[m[K
In file included from [01m[K/usr/include/c++/11/mutex:39[m[K,
                 from [01m[K/usr/include/c++/11/future:38[m[K,
                 from [01m[K/opt/ros/humble/include/rclcpp/rclcpp/executors.hpp:18[m[K,
                 from [01m[K/opt/ros/humble/include/rclcpp/rclcpp/rclcpp.hpp:155[m[K,
                 from [01m[K/home/khanh/Documents/ros2_basic/ros2_ws/src/my_cpp_pkg/src/my_first_node.cpp:1[m[K:
[01m[K/usr/include/c++/11/chrono:514:9:[m[K [01;36m[Knote: [m[Kcandidate: â€˜[01m[Ktemplate<class _Rep, class _Period> duration(const std::chrono::duration<_Rep1, _Period1>&)-> std::chrono::duration<_Rep, _Period>[m[Kâ€™
  514 |         [01;36m[Kduration[m[K(const duration&) = default;
      |         [01;36m[K^~~~~~~~[m[K
[01m[K/usr/include/c++/11/chrono:514:9:[m[K [01;36m[Knote: [m[K  template argument deduction/substitution failed:
[01m[K/home/khanh/Documents/ros2_basic/ros2_ws/src/my_cpp_pkg/src/my_first_node.cpp:12:67:[m[K [01;36m[Knote: [m[K  mismatched types â€˜[01m[Kconst std::chrono::duration<_Rep1, _Period1>[m[Kâ€™ and â€˜[01m[Kdouble[m[Kâ€™
   12 |         timer_ = this->create_wall_timer(std::chrono::duration(2.0[01;36m[K)[m[K,
      |                                                                   [01;36m[K^[m[K
In file included from [01m[K/usr/include/c++/11/mutex:39[m[K,
                 from [01m[K/usr/include/c++/11/future:38[m[K,
                 from [01m[K/opt/ros/humble/include/rclcpp/rclcpp/executors.hpp:18[m[K,
                 from [01m[K/opt/ros/humble/include/rclcpp/rclcpp/rclcpp.hpp:155[m[K,
                 from [01m[K/home/khanh/Documents/ros2_basic/ros2_ws/src/my_cpp_pkg/src/my_first_node.cpp:1[m[K:
[01m[K/usr/include/c++/11/chrono:512:19:[m[K [01;36m[Knote: [m[Kcandidate: â€˜[01m[Ktemplate<class _Rep, class _Period> duration()-> std::chrono::duration<_Rep, _Period>[m[Kâ€™
  512 |         constexpr [01;36m[Kduration[m[K() = default;
      |                   [01;36m[K^~~~~~~~[m[K
[01m[K/usr/include/c++/11/chrono:512:19:[m[K [01;36m[Knote: [m[K  template argument deduction/substitution failed:
[01m[K/home/khanh/Documents/ros2_basic/ros2_ws/src/my_cpp_pkg/src/my_first_node.cpp:12:67:[m[K [01;36m[Knote: [m[K  candidate expects 0 arguments, 1 provided
   12 |         timer_ = this->create_wall_timer(std::chrono::duration(2.0[01;36m[K)[m[K,
      |                                                                   [01;36m[K^[m[K
In file included from [01m[K/usr/include/c++/11/mutex:39[m[K,
                 from [01m[K/usr/include/c++/11/future:38[m[K,
                 from [01m[K/opt/ros/humble/include/rclcpp/rclcpp/executors.hpp:18[m[K,
                 from [01m[K/opt/ros/humble/include/rclcpp/rclcpp/rclcpp.hpp:155[m[K,
                 from [01m[K/home/khanh/Documents/ros2_basic/ros2_ws/src/my_cpp_pkg/src/my_first_node.cpp:1[m[K:
[01m[K/usr/include/c++/11/chrono:77:14:[m[K [01;36m[Knote: [m[Kcandidate: â€˜[01m[Ktemplate<class _Rep, class _Period> duration(std::chrono::duration<_Rep, _Period>)-> std::chrono::duration<_Rep, _Period>[m[Kâ€™
   77 |       struct [01;36m[Kduration[m[K;
      |              [01;36m[K^~~~~~~~[m[K
[01m[K/usr/include/c++/11/chrono:77:14:[m[K [01;36m[Knote: [m[K  template argument deduction/substitution failed:
[01m[K/home/khanh/Documents/ros2_basic/ros2_ws/src/my_cpp_pkg/src/my_first_node.cpp:12:67:[m[K [01;36m[Knote: [m[K  mismatched types â€˜[01m[Kstd::chrono::duration<_Rep, _Period>[m[Kâ€™ and â€˜[01m[Kdouble[m[Kâ€™
   12 |         timer_ = this->create_wall_timer(std::chrono::duration(2.0[01;36m[K)[m[K,
      |                                                                   [01;36m[K^[m[K
gmake[2]: *** [CMakeFiles/cpp_node_exec.dir/build.make:76: CMakeFiles/cpp_node_exec.dir/src/my_first_node.cpp.o] Error 1
gmake[1]: *** [CMakeFiles/Makefile2:137: CMakeFiles/cpp_node_exec.dir/all] Error 2
gmake: *** [Makefile:146: all] Error 2
